[INFO ][2018/09/07 16:08:22790][org.springframework.context.support.AbstractApplicationContext.prepareRefresh(AbstractApplicationContext.java:590)]
Refreshing org.springframework.context.support.ClassPathXmlApplicationContext@12e26934: startup date [Fri Sep 07 16:08:22 CST 2018]; root of context hierarchy
   [INFO ][2018/09/07 16:08:22898][org.springframework.beans.factory.xml.XmlBeanDefinitionReader.loadBeanDefinitions(XmlBeanDefinitionReader.java:316)]
Loading XML bean definitions from class path resource [ApplicationContext.xml]
   [INFO ][2018/09/07 16:08:2789 ][Bingo.Arrows.BrowerDriver.setBrowserCore(BrowerDriver.java:32)]
Start Browser :Chrome Browser Session:052364371d11e13f260c3a188cdf33a6
   [INFO ][2018/09/07 16:08:29836][Bingo.Arrows.BrowerDriver.setBrowserCore(BrowerDriver.java:36)]
Start Browser :Chrome Browser Session:47c617f8-0324-4011-bc68-560af141b1c1
   [INFO ][2018/09/07 16:08:32557][Bingo.Arrows.BrowerDriver.setBrowserCore(BrowerDriver.java:36)]
Start Browser :FireFox Browser Session:eeec4e73-5d7b-4535-b0b2-247721838395
   [INFO ][2018/09/07 16:08:35298][Bingo.Arrows.BrowerDriver.setBrowserCore(BrowerDriver.java:36)]
Start Browser :FireFox Browser Session:4d688162-f470-4355-98bc-9e849a5dc66b
   [INFO ][2018/09/07 16:08:39147][Bingo.Arrows.BrowerDriver.setBrowserCore(BrowerDriver.java:36)]
Start Browser :FireFox Browser Session:c8a3c73c-5fcd-44ed-a3e0-ac9ecf7179f1
   [INFO ][2018/09/07 16:13:56133][org.springframework.context.support.AbstractApplicationContext.prepareRefresh(AbstractApplicationContext.java:590)]
Refreshing org.springframework.context.support.ClassPathXmlApplicationContext@63880776: startup date [Fri Sep 07 16:13:56 CST 2018]; root of context hierarchy
   [INFO ][2018/09/07 16:13:56263][org.springframework.beans.factory.xml.XmlBeanDefinitionReader.loadBeanDefinitions(XmlBeanDefinitionReader.java:316)]
Loading XML bean definitions from class path resource [ApplicationContext.xml]
   [INFO ][2018/09/07 16:14:28778][org.springframework.context.support.AbstractApplicationContext.prepareRefresh(AbstractApplicationContext.java:590)]
Refreshing org.springframework.context.support.ClassPathXmlApplicationContext@5daf2e46: startup date [Fri Sep 07 16:14:28 CST 2018]; root of context hierarchy
   [INFO ][2018/09/07 16:14:28946][org.springframework.beans.factory.xml.XmlBeanDefinitionReader.loadBeanDefinitions(XmlBeanDefinitionReader.java:316)]
Loading XML bean definitions from class path resource [ApplicationContext.xml]
   [INFO ][2018/09/07 16:15:04893][org.springframework.context.support.AbstractApplicationContext.prepareRefresh(AbstractApplicationContext.java:590)]
Refreshing org.springframework.context.support.ClassPathXmlApplicationContext@bf15ff6: startup date [Fri Sep 07 16:15:04 CST 2018]; root of context hierarchy
   [INFO ][2018/09/07 16:15:059  ][org.springframework.beans.factory.xml.XmlBeanDefinitionReader.loadBeanDefinitions(XmlBeanDefinitionReader.java:316)]
Loading XML bean definitions from class path resource [ApplicationContext.xml]
   [INFO ][2018/09/07 16:16:13607][org.springframework.context.support.AbstractApplicationContext.prepareRefresh(AbstractApplicationContext.java:590)]
Refreshing org.springframework.context.support.ClassPathXmlApplicationContext@310d1450: startup date [Fri Sep 07 16:16:13 CST 2018]; root of context hierarchy
   [INFO ][2018/09/07 16:16:13724][org.springframework.beans.factory.xml.XmlBeanDefinitionReader.loadBeanDefinitions(XmlBeanDefinitionReader.java:316)]
Loading XML bean definitions from class path resource [ApplicationContext.xml]
   [INFO ][2018/09/07 16:16:18127][Bingo.Arrows.BrowerDriver.setBrowserCore(BrowerDriver.java:32)]
Start Browser :Chrome Browser Session:37e13ba82f5a1c825ba7e5815933eb01
   [INFO ][2018/09/07 16:16:19408][Bingo.tool.Log.info(Log.java:18)]
Start Run 部署落地ERP的登录页面
   [INFO ][2018/09/07 16:16:20612][Bingo.Arrows.ElementOperator.Open(ElementOperator.java:38)]
Opened url http://boxdeploy.bingobox.cc/login
   [INFO ][2018/09/07 16:16:20748][Bingo.tool.Log.info(Log.java:18)]
Start Run 用百度搜索的演示
   [INFO ][2018/09/07 16:16:20992][Bingo.Arrows.BrowerDriver.setBrowserCore(BrowerDriver.java:36)]
Start Browser :FireFox Browser Session:c1cf5524-b6bb-4592-9644-506556e6b235
   [INFO ][2018/09/07 16:16:2168 ][Bingo.tool.Log.info(Log.java:18)]
Start Run 部署落地ERP的登录页面
   [INFO ][2018/09/07 16:16:21921][Bingo.Arrows.ElementOperator.Open(ElementOperator.java:38)]
Opened url http://www.baidu.com
   [INFO ][2018/09/07 16:16:21948][Bingo.Arrows.ElementOperator.Open(ElementOperator.java:38)]
Opened url http://boxdeploy.bingobox.cc/login
   [INFO ][2018/09/07 16:16:21952][Bingo.tool.Log.startLog(Log.java:10)]
Bingo.Test.NewTest11Test is Start...
   [INFO ][2018/09/07 16:16:2315 ][Bingo.tool.Log.info(Log.java:18)]
使用百度搜索WebDriver，跳转到新页面测试用例通过
   [INFO ][2018/09/07 16:16:2320 ][Bingo.Arrows.DriverOperate.quit(DriverOperate.java:37)]
Quit BrowserDriver:37e13ba82f5a1c825ba7e5815933eb01
   [INFO ][2018/09/07 16:16:24223][Bingo.Arrows.BrowerDriver.setBrowserCore(BrowerDriver.java:32)]
Start Browser :Chrome Browser Session:9ee730113f8e889808a3c7506606833f
   [INFO ][2018/09/07 16:16:25389][Bingo.tool.Log.info(Log.java:18)]
Start Run 部署落地ERP的登录页面
   [INFO ][2018/09/07 16:16:26881][Bingo.Arrows.ElementOperator.Open(ElementOperator.java:38)]
Opened url http://boxdeploy.bingobox.cc/login
   [INFO ][2018/09/07 16:16:27270][Bingo.Arrows.ElementOperator.Open(ElementOperator.java:38)]
Opened url http://www.baidu.com
   [INFO ][2018/09/07 16:16:27422][Bingo.Arrows.BrowerDriver.setBrowserCore(BrowerDriver.java:32)]
Start Browser :Chrome Browser Session:d315c1d2b578bfc1cc6dc8b3210f184d
   [INFO ][2018/09/07 16:16:28575][Bingo.Arrows.ElementOperator.Open(ElementOperator.java:38)]
Opened url http://www.baidu.com
   [INFO ][2018/09/07 16:16:28628][Bingo.tool.Log.info(Log.java:18)]
Start Run 部署落地ERP的登录页面
   [INFO ][2018/09/07 16:16:28664][Bingo.tool.Log.info(Log.java:18)]
使用百度搜索WebDriver，跳转到新页面测试用例通过
   [INFO ][2018/09/07 16:16:28667][Bingo.Arrows.DriverOperate.quit(DriverOperate.java:37)]
Quit BrowserDriver:c1cf5524-b6bb-4592-9644-506556e6b235
   [INFO ][2018/09/07 16:16:29748][Bingo.tool.Log.info(Log.java:18)]
使用百度搜索WebDriver，跳转到新页面测试用例通过
   [INFO ][2018/09/07 16:16:29751][Bingo.Arrows.DriverOperate.quit(DriverOperate.java:37)]
Quit BrowserDriver:9ee730113f8e889808a3c7506606833f
   [INFO ][2018/09/07 16:16:30479][Bingo.Arrows.ElementOperator.Open(ElementOperator.java:38)]
Opened url http://boxdeploy.bingobox.cc/login
   [INFO ][2018/09/07 16:16:30484][Bingo.tool.Log.info(Log.java:18)]
Start Run 用百度搜索的演示
   [INFO ][2018/09/07 16:16:31547][Bingo.Arrows.BrowerDriver.setBrowserCore(BrowerDriver.java:32)]
Start Browser :Chrome Browser Session:b72fb0a341bd9f432c9676cefff4702e
   [INFO ][2018/09/07 16:16:32171][Bingo.Arrows.ElementOperator.Open(ElementOperator.java:38)]
Opened url http://www.baidu.com
   [INFO ][2018/09/07 16:16:32725][Bingo.tool.Log.info(Log.java:18)]
Start Run 部署落地ERP的登录页面
   [INFO ][2018/09/07 16:16:33236][Bingo.tool.Log.info(Log.java:18)]
使用百度搜索WebDriver，跳转到新页面测试用例通过
   [INFO ][2018/09/07 16:16:33238][Bingo.Arrows.DriverOperate.quit(DriverOperate.java:37)]
Quit BrowserDriver:d315c1d2b578bfc1cc6dc8b3210f184d
   [INFO ][2018/09/07 16:16:34409][Bingo.Arrows.ElementOperator.Open(ElementOperator.java:38)]
Opened url http://boxdeploy.bingobox.cc/login
   [INFO ][2018/09/07 16:16:35457][Bingo.Arrows.BrowerDriver.setBrowserCore(BrowerDriver.java:36)]
Start Browser :FireFox Browser Session:3bccd909-68f9-4fa0-bd25-985536738293
   [INFO ][2018/09/07 16:16:35570][Bingo.tool.Log.info(Log.java:18)]
Start Run 部署落地ERP的登录页面
   [INFO ][2018/09/07 16:16:35925][Bingo.Arrows.ElementOperator.Open(ElementOperator.java:38)]
Opened url http://www.baidu.com
   [INFO ][2018/09/07 16:16:36566][Bingo.Arrows.ElementOperator.Open(ElementOperator.java:38)]
Opened url http://boxdeploy.bingobox.cc/login
   [INFO ][2018/09/07 16:16:36570][Bingo.tool.Log.info(Log.java:18)]
Start Run 用百度搜索的演示
   [INFO ][2018/09/07 16:16:3721 ][Bingo.tool.Log.info(Log.java:18)]
使用百度搜索WebDriver，跳转到新页面测试用例通过
   [INFO ][2018/09/07 16:16:3723 ][Bingo.Arrows.DriverOperate.quit(DriverOperate.java:37)]
Quit BrowserDriver:b72fb0a341bd9f432c9676cefff4702e
   [INFO ][2018/09/07 16:16:37542][Bingo.Arrows.ElementOperator.Open(ElementOperator.java:38)]
Opened url http://www.baidu.com
   [INFO ][2018/09/07 16:16:38620][Bingo.tool.Log.info(Log.java:18)]
使用百度搜索WebDriver，跳转到新页面测试用例通过
   [INFO ][2018/09/07 16:16:38624][Bingo.Arrows.DriverOperate.quit(DriverOperate.java:37)]
Quit BrowserDriver:3bccd909-68f9-4fa0-bd25-985536738293
   [INFO ][2018/09/07 16:16:39521][Bingo.Arrows.BrowerDriver.setBrowserCore(BrowerDriver.java:36)]
Start Browser :FireFox Browser Session:ef8c65f0-d693-414f-aee5-a94cb94d733b
   [INFO ][2018/09/07 16:16:39594][Bingo.tool.Log.info(Log.java:18)]
Start Run 部署落地ERP的登录页面
   [INFO ][2018/09/07 16:16:40494][Bingo.Arrows.ElementOperator.Open(ElementOperator.java:38)]
Opened url http://boxdeploy.bingobox.cc/login
   [INFO ][2018/09/07 16:16:40498][Bingo.tool.Log.info(Log.java:18)]
Start Run 用百度搜索的演示
   [INFO ][2018/09/07 16:16:41482][Bingo.Arrows.ElementOperator.Open(ElementOperator.java:38)]
Opened url http://www.baidu.com
   [INFO ][2018/09/07 16:16:42223][Bingo.tool.Log.info(Log.java:18)]
使用百度搜索WebDriver，跳转到新页面测试用例通过
   [INFO ][2018/09/07 16:16:42226][Bingo.Arrows.DriverOperate.quit(DriverOperate.java:37)]
Quit BrowserDriver:ef8c65f0-d693-414f-aee5-a94cb94d733b
   [INFO ][2018/09/07 16:16:43467][Bingo.Arrows.BrowerDriver.setBrowserCore(BrowerDriver.java:36)]
Start Browser :FireFox Browser Session:b96532eb-c97e-4a4c-bd70-1492cf895f39
   [INFO ][2018/09/07 16:16:43510][Bingo.tool.Log.info(Log.java:18)]
Start Run 部署落地ERP的登录页面
   [INFO ][2018/09/07 16:16:44383][Bingo.Arrows.ElementOperator.Open(ElementOperator.java:38)]
Opened url http://boxdeploy.bingobox.cc/login
   [INFO ][2018/09/07 16:16:44387][Bingo.tool.Log.info(Log.java:18)]
Start Run 用百度搜索的演示
   [INFO ][2018/09/07 16:16:4552 ][Bingo.Arrows.ElementOperator.Open(ElementOperator.java:38)]
Opened url http://www.baidu.com
   [INFO ][2018/09/07 16:16:46105][Bingo.tool.Log.info(Log.java:18)]
使用百度搜索WebDriver，跳转到新页面测试用例通过
   [INFO ][2018/09/07 16:16:46108][Bingo.Arrows.DriverOperate.quit(DriverOperate.java:37)]
Quit BrowserDriver:b96532eb-c97e-4a4c-bd70-1492cf895f39
   [INFO ][2018/09/07 16:16:46665][Bingo.Arrows.BrowerDriver.setBrowserCore(BrowerDriver.java:32)]
Start Browser :Chrome Browser Session:840232ea65e6a9e5d83f70a569521820
   [INFO ][2018/09/07 16:16:47829][Bingo.tool.Log.info(Log.java:18)]
Start Run 部署落地ERP的登录页面
   [INFO ][2018/09/07 16:16:4998 ][Bingo.Arrows.ElementOperator.Open(ElementOperator.java:38)]
Opened url http://boxdeploy.bingobox.cc/login
   [INFO ][2018/09/07 16:16:49102][Bingo.tool.Log.info(Log.java:18)]
Start Run 用百度搜索的演示
   [INFO ][2018/09/07 16:16:50548][Bingo.Arrows.BrowerDriver.setBrowserCore(BrowerDriver.java:36)]
Start Browser :FireFox Browser Session:dc56994d-9539-4921-8ef9-b93009457d33
   [INFO ][2018/09/07 16:16:50652][Bingo.tool.Log.info(Log.java:18)]
Start Run 部署落地ERP的登录页面
   [INFO ][2018/09/07 16:16:5115 ][Bingo.Arrows.ElementOperator.Open(ElementOperator.java:38)]
Opened url http://www.baidu.com
   [INFO ][2018/09/07 16:16:51732][Bingo.Arrows.ElementOperator.Open(ElementOperator.java:38)]
Opened url http://boxdeploy.bingobox.cc/login
   [INFO ][2018/09/07 16:16:51736][Bingo.tool.Log.info(Log.java:18)]
Start Run 用百度搜索的演示
   [INFO ][2018/09/07 16:16:52254][Bingo.tool.Log.info(Log.java:18)]
使用百度搜索WebDriver，跳转到新页面测试用例通过
   [INFO ][2018/09/07 16:16:52256][Bingo.Arrows.DriverOperate.quit(DriverOperate.java:37)]
Quit BrowserDriver:840232ea65e6a9e5d83f70a569521820
   [INFO ][2018/09/07 16:16:52723][Bingo.Arrows.ElementOperator.Open(ElementOperator.java:38)]
Opened url http://www.baidu.com
   [INFO ][2018/09/07 16:16:53852][Bingo.tool.Log.info(Log.java:18)]
使用百度搜索WebDriver，跳转到新页面测试用例通过
   [INFO ][2018/09/07 16:16:53854][Bingo.Arrows.DriverOperate.quit(DriverOperate.java:37)]
Quit BrowserDriver:dc56994d-9539-4921-8ef9-b93009457d33
   [INFO ][2018/09/07 16:16:54239][Bingo.Arrows.BrowerDriver.setBrowserCore(BrowerDriver.java:32)]
Start Browser :Chrome Browser Session:355a2decc2d164c3d7ed520626ac1973
   [INFO ][2018/09/07 16:16:55413][Bingo.tool.Log.info(Log.java:18)]
Start Run 部署落地ERP的登录页面
   [INFO ][2018/09/07 16:16:56626][Bingo.Arrows.ElementOperator.Open(ElementOperator.java:38)]
Opened url http://boxdeploy.bingobox.cc/login
   [INFO ][2018/09/07 16:16:56630][Bingo.tool.Log.info(Log.java:18)]
Start Run 用百度搜索的演示
   [INFO ][2018/09/07 16:16:57188][Bingo.Arrows.BrowerDriver.setBrowserCore(BrowerDriver.java:32)]
Start Browser :Chrome Browser Session:7af93c307aa524251de572e3d51daffb
   [INFO ][2018/09/07 16:16:57773][Bingo.Arrows.ElementOperator.Open(ElementOperator.java:38)]
Opened url http://www.baidu.com
   [INFO ][2018/09/07 16:16:58361][Bingo.tool.Log.info(Log.java:18)]
Start Run 部署落地ERP的登录页面
   [INFO ][2018/09/07 16:16:58781][Bingo.tool.Log.info(Log.java:18)]
使用百度搜索WebDriver，跳转到新页面测试用例通过
   [INFO ][2018/09/07 16:16:58783][Bingo.Arrows.DriverOperate.quit(DriverOperate.java:37)]
Quit BrowserDriver:355a2decc2d164c3d7ed520626ac1973
   [INFO ][2018/09/07 16:16:59928][Bingo.Arrows.ElementOperator.Open(ElementOperator.java:38)]
Opened url http://boxdeploy.bingobox.cc/login
   [INFO ][2018/09/07 16:16:59932][Bingo.tool.Log.info(Log.java:18)]
Start Run 用百度搜索的演示
   [INFO ][2018/09/07 16:17:0194 ][Bingo.Arrows.BrowerDriver.setBrowserCore(BrowerDriver.java:36)]
Start Browser :FireFox Browser Session:ea6d54e1-ddf3-4736-b365-42d7f498c468
   [INFO ][2018/09/07 16:17:01213][Bingo.tool.Log.info(Log.java:18)]
Start Run 部署落地ERP的登录页面
   [INFO ][2018/09/07 16:17:01411][Bingo.Arrows.ElementOperator.Open(ElementOperator.java:38)]
Opened url http://www.baidu.com
   [INFO ][2018/09/07 16:17:02132][Bingo.Arrows.ElementOperator.Open(ElementOperator.java:38)]
Opened url http://boxdeploy.bingobox.cc/login
   [INFO ][2018/09/07 16:17:02136][Bingo.tool.Log.info(Log.java:18)]
Start Run 用百度搜索的演示
   [INFO ][2018/09/07 16:17:02460][Bingo.tool.Log.info(Log.java:18)]
使用百度搜索WebDriver，跳转到新页面测试用例通过
   [INFO ][2018/09/07 16:17:02463][Bingo.Arrows.DriverOperate.quit(DriverOperate.java:37)]
Quit BrowserDriver:7af93c307aa524251de572e3d51daffb
   [INFO ][2018/09/07 16:17:03116][Bingo.Arrows.ElementOperator.Open(ElementOperator.java:38)]
Opened url http://www.baidu.com
   [INFO ][2018/09/07 16:17:03882][Bingo.tool.Log.info(Log.java:18)]
使用百度搜索WebDriver，跳转到新页面测试用例通过
   [INFO ][2018/09/07 16:17:03885][Bingo.Arrows.DriverOperate.quit(DriverOperate.java:37)]
Quit BrowserDriver:ea6d54e1-ddf3-4736-b365-42d7f498c468
   [INFO ][2018/09/07 16:17:04596][Bingo.Arrows.BrowerDriver.setBrowserCore(BrowerDriver.java:32)]
Start Browser :Chrome Browser Session:6c15f276ec730d06151081375a58dd5b
   [INFO ][2018/09/07 16:17:05771][Bingo.tool.Log.info(Log.java:18)]
Start Run 部署落地ERP的登录页面
   [INFO ][2018/09/07 16:17:06930][Bingo.Arrows.ElementOperator.Open(ElementOperator.java:38)]
Opened url http://boxdeploy.bingobox.cc/login
   [INFO ][2018/09/07 16:17:06934][Bingo.tool.Log.info(Log.java:18)]
Start Run 用百度搜索的演示
   [INFO ][2018/09/07 16:17:08327][Bingo.Arrows.ElementOperator.Open(ElementOperator.java:38)]
Opened url http://www.baidu.com
   [INFO ][2018/09/07 16:17:08513][Bingo.Arrows.BrowerDriver.setBrowserCore(BrowerDriver.java:36)]
Start Browser :FireFox Browser Session:c978472b-cf74-4833-b65e-4be1e30319ed
   [INFO ][2018/09/07 16:17:08606][Bingo.tool.Log.info(Log.java:18)]
Start Run 部署落地ERP的登录页面
   [INFO ][2018/09/07 16:17:09417][Bingo.tool.Log.info(Log.java:18)]
使用百度搜索WebDriver，跳转到新页面测试用例通过
   [INFO ][2018/09/07 16:17:09419][Bingo.Arrows.DriverOperate.quit(DriverOperate.java:37)]
Quit BrowserDriver:6c15f276ec730d06151081375a58dd5b
   [INFO ][2018/09/07 16:17:09621][Bingo.Arrows.ElementOperator.Open(ElementOperator.java:38)]
Opened url http://boxdeploy.bingobox.cc/login
   [INFO ][2018/09/07 16:17:09625][Bingo.tool.Log.info(Log.java:18)]
Start Run 用百度搜索的演示
   [INFO ][2018/09/07 16:17:10966][Bingo.Arrows.ElementOperator.Open(ElementOperator.java:38)]
Opened url http://www.baidu.com
   [INFO ][2018/09/07 16:17:11752][Bingo.Arrows.BrowerDriver.setBrowserCore(BrowerDriver.java:32)]
Start Browser :Chrome Browser Session:80238f68c5a5df6313dc2027f7047ea0
   [INFO ][2018/09/07 16:17:12119][Bingo.tool.Log.info(Log.java:18)]
使用百度搜索WebDriver，跳转到新页面测试用例通过
   [INFO ][2018/09/07 16:17:12121][Bingo.Arrows.DriverOperate.quit(DriverOperate.java:37)]
Quit BrowserDriver:c978472b-cf74-4833-b65e-4be1e30319ed
   [INFO ][2018/09/07 16:17:12924][Bingo.tool.Log.info(Log.java:18)]
Start Run 部署落地ERP的登录页面
   [INFO ][2018/09/07 16:17:14101][Bingo.Arrows.ElementOperator.Open(ElementOperator.java:38)]
Opened url http://boxdeploy.bingobox.cc/login
   [INFO ][2018/09/07 16:17:14104][Bingo.tool.Log.info(Log.java:18)]
Start Run 用百度搜索的演示
   [INFO ][2018/09/07 16:17:15491][Bingo.Arrows.ElementOperator.Open(ElementOperator.java:38)]
Opened url http://www.baidu.com
   [INFO ][2018/09/07 16:17:15671][Bingo.Arrows.BrowerDriver.setBrowserCore(BrowerDriver.java:36)]
Start Browser :FireFox Browser Session:95814ffd-3734-44c4-8859-27fe4633bc5a
   [INFO ][2018/09/07 16:17:15769][Bingo.tool.Log.info(Log.java:18)]
Start Run 部署落地ERP的登录页面
   [INFO ][2018/09/07 16:17:16578][Bingo.tool.Log.info(Log.java:18)]
使用百度搜索WebDriver，跳转到新页面测试用例通过
   [INFO ][2018/09/07 16:17:16580][Bingo.Arrows.DriverOperate.quit(DriverOperate.java:37)]
Quit BrowserDriver:80238f68c5a5df6313dc2027f7047ea0
   [INFO ][2018/09/07 16:17:16801][Bingo.Arrows.ElementOperator.Open(ElementOperator.java:38)]
Opened url http://boxdeploy.bingobox.cc/login
   [INFO ][2018/09/07 16:17:16804][Bingo.tool.Log.info(Log.java:18)]
Start Run 用百度搜索的演示
   [INFO ][2018/09/07 16:17:1837 ][Bingo.Arrows.ElementOperator.Open(ElementOperator.java:38)]
Opened url http://www.baidu.com
   [INFO ][2018/09/07 16:17:194  ][Bingo.Arrows.BrowerDriver.setBrowserCore(BrowerDriver.java:32)]
Start Browser :Chrome Browser Session:0cdef7fd95a5dbf4faccd211ac3878fb
   [INFO ][2018/09/07 16:17:19661][Bingo.tool.Log.info(Log.java:18)]
使用百度搜索WebDriver，跳转到新页面测试用例通过
   [INFO ][2018/09/07 16:17:19663][Bingo.Arrows.DriverOperate.quit(DriverOperate.java:37)]
Quit BrowserDriver:95814ffd-3734-44c4-8859-27fe4633bc5a
   [INFO ][2018/09/07 16:17:20175][Bingo.tool.Log.info(Log.java:18)]
Start Run 部署落地ERP的登录页面
   [INFO ][2018/09/07 16:17:21460][Bingo.Arrows.ElementOperator.Open(ElementOperator.java:38)]
Opened url http://boxdeploy.bingobox.cc/login
   [INFO ][2018/09/07 16:17:21464][Bingo.tool.Log.info(Log.java:18)]
Start Run 用百度搜索的演示
   [INFO ][2018/09/07 16:17:22862][Bingo.Arrows.BrowerDriver.setBrowserCore(BrowerDriver.java:36)]
Start Browser :FireFox Browser Session:a19f2ba7-b6bb-4be8-9792-6618f47ca441
   [INFO ][2018/09/07 16:17:22953][Bingo.tool.Log.info(Log.java:18)]
Start Run 部署落地ERP的登录页面
   [INFO ][2018/09/07 16:17:23169][Bingo.Arrows.ElementOperator.Open(ElementOperator.java:38)]
Opened url http://www.baidu.com
   [INFO ][2018/09/07 16:17:23848][Bingo.Arrows.ElementOperator.Open(ElementOperator.java:38)]
Opened url http://boxdeploy.bingobox.cc/login
   [INFO ][2018/09/07 16:17:23852][Bingo.tool.Log.info(Log.java:18)]
Start Run 用百度搜索的演示
   [INFO ][2018/09/07 16:17:24232][Bingo.tool.Log.info(Log.java:18)]
使用百度搜索WebDriver，跳转到新页面测试用例通过
   [INFO ][2018/09/07 16:17:24234][Bingo.Arrows.DriverOperate.quit(DriverOperate.java:37)]
Quit BrowserDriver:0cdef7fd95a5dbf4faccd211ac3878fb
   [INFO ][2018/09/07 16:17:24644][Bingo.Arrows.ElementOperator.Open(ElementOperator.java:38)]
Opened url http://www.baidu.com
   [INFO ][2018/09/07 16:17:25696][Bingo.tool.Log.info(Log.java:18)]
使用百度搜索WebDriver，跳转到新页面测试用例通过
   [INFO ][2018/09/07 16:17:25698][Bingo.Arrows.DriverOperate.quit(DriverOperate.java:37)]
Quit BrowserDriver:a19f2ba7-b6bb-4be8-9792-6618f47ca441
   [INFO ][2018/09/07 16:17:26279][Bingo.Arrows.BrowerDriver.setBrowserCore(BrowerDriver.java:32)]
Start Browser :Chrome Browser Session:f5c084c7496034c0b47cc3323050a910
   [INFO ][2018/09/07 16:17:27440][Bingo.tool.Log.info(Log.java:18)]
Start Run 部署落地ERP的登录页面
   [INFO ][2018/09/07 16:17:28614][Bingo.Arrows.ElementOperator.Open(ElementOperator.java:38)]
Opened url http://boxdeploy.bingobox.cc/login
   [INFO ][2018/09/07 16:17:28616][Bingo.tool.Log.startLog(Log.java:10)]
Bingo.Test.NewTest12Test is Start...
   [INFO ][2018/09/07 16:17:29466][Bingo.Arrows.ElementOperator.Open(ElementOperator.java:38)]
Opened url http://www.baidu.com
   [INFO ][2018/09/07 16:17:30393][Bingo.tool.Log.info(Log.java:18)]
使用百度搜索WebDriver，跳转到新页面测试用例通过
   [INFO ][2018/09/07 16:17:30394][Bingo.Arrows.DriverOperate.quit(DriverOperate.java:37)]
Quit BrowserDriver:f5c084c7496034c0b47cc3323050a910
   [INFO ][2018/09/07 16:18:13968][org.springframework.context.support.AbstractApplicationContext.prepareRefresh(AbstractApplicationContext.java:590)]
Refreshing org.springframework.context.support.ClassPathXmlApplicationContext@681fe0: startup date [Fri Sep 07 16:18:13 CST 2018]; root of context hierarchy
   [INFO ][2018/09/07 16:18:1490 ][org.springframework.beans.factory.xml.XmlBeanDefinitionReader.loadBeanDefinitions(XmlBeanDefinitionReader.java:316)]
Loading XML bean definitions from class path resource [ApplicationContext.xml]
   [INFO ][2018/09/07 16:18:18159][Bingo.Arrows.BrowerDriver.setBrowserCore(BrowerDriver.java:32)]
Start Browser :Chrome Browser Session:e30088bd23bc3ace9c119265526f40cc
   [INFO ][2018/09/07 16:18:19404][Bingo.tool.Log.info(Log.java:18)]
Start Run 部署落地ERP的登录页面
   [INFO ][2018/09/07 16:18:20420][Bingo.Arrows.ElementOperator.Open(ElementOperator.java:38)]
Opened url http://boxdeploy.bingobox.cc/login
   [INFO ][2018/09/07 16:18:20529][Bingo.tool.Log.info(Log.java:18)]
Start Run 用百度搜索的演示
   [INFO ][2018/09/07 16:18:20918][Bingo.Arrows.BrowerDriver.setBrowserCore(BrowerDriver.java:32)]
Start Browser :Chrome Browser Session:87666706c32e0a455cbb645a51ca9cee
   [INFO ][2018/09/07 16:18:21443][Bingo.Arrows.ElementOperator.Open(ElementOperator.java:38)]
Opened url http://www.baidu.com
   [INFO ][2018/09/07 16:18:2273 ][Bingo.tool.Log.info(Log.java:18)]
Start Run 部署落地ERP的登录页面
   [INFO ][2018/09/07 16:18:22365][Bingo.tool.Log.info(Log.java:18)]
使用百度搜索WebDriver，跳转到新页面测试用例通过
   [INFO ][2018/09/07 16:18:22367][Bingo.Arrows.DriverOperate.quit(DriverOperate.java:37)]
Quit BrowserDriver:e30088bd23bc3ace9c119265526f40cc
   [INFO ][2018/09/07 16:18:23186][Bingo.Arrows.ElementOperator.Open(ElementOperator.java:38)]
Opened url http://boxdeploy.bingobox.cc/login
   [INFO ][2018/09/07 16:18:24468][Bingo.Arrows.ElementOperator.Open(ElementOperator.java:38)]
Opened url http://www.baidu.com
   [INFO ][2018/09/07 16:18:24824][Bingo.Arrows.BrowerDriver.setBrowserCore(BrowerDriver.java:36)]
Start Browser :FireFox Browser Session:8e64139f-9382-4d28-9b12-a14190c20821
   [INFO ][2018/09/07 16:18:24902][Bingo.tool.Log.info(Log.java:18)]
Start Run 部署落地ERP的登录页面
   [INFO ][2018/09/07 16:18:25546][Bingo.tool.Log.info(Log.java:18)]
使用百度搜索WebDriver，跳转到新页面测试用例通过
   [INFO ][2018/09/07 16:18:25549][Bingo.Arrows.DriverOperate.quit(DriverOperate.java:37)]
Quit BrowserDriver:87666706c32e0a455cbb645a51ca9cee
   [INFO ][2018/09/07 16:18:25774][Bingo.Arrows.ElementOperator.Open(ElementOperator.java:38)]
Opened url http://boxdeploy.bingobox.cc/login
   [INFO ][2018/09/07 16:18:25779][Bingo.tool.Log.info(Log.java:18)]
Start Run 用百度搜索的演示
   [INFO ][2018/09/07 16:18:27802][Bingo.Arrows.ElementOperator.Open(ElementOperator.java:38)]
Opened url http://www.baidu.com
   [INFO ][2018/09/07 16:18:27998][Bingo.Arrows.BrowerDriver.setBrowserCore(BrowerDriver.java:32)]
Start Browser :Chrome Browser Session:8a26c61bb39952c43351e651335bb770
   [INFO ][2018/09/07 16:18:28579][Bingo.tool.Log.info(Log.java:18)]
使用百度搜索WebDriver，跳转到新页面测试用例通过
   [INFO ][2018/09/07 16:18:28581][Bingo.Arrows.DriverOperate.quit(DriverOperate.java:37)]
Quit BrowserDriver:8e64139f-9382-4d28-9b12-a14190c20821
   [INFO ][2018/09/07 16:18:29183][Bingo.tool.Log.info(Log.java:18)]
Start Run 部署落地ERP的登录页面
   [INFO ][2018/09/07 16:18:30481][Bingo.Arrows.ElementOperator.Open(ElementOperator.java:38)]
Opened url http://boxdeploy.bingobox.cc/login
   [INFO ][2018/09/07 16:18:30485][Bingo.tool.Log.info(Log.java:18)]
Start Run 用百度搜索的演示
   [INFO ][2018/09/07 16:18:31353][Bingo.Arrows.BrowerDriver.setBrowserCore(BrowerDriver.java:32)]
Start Browser :Chrome Browser Session:9eb9021a02ea958bee0567559cbec837
   [INFO ][2018/09/07 16:18:31796][Bingo.Arrows.ElementOperator.Open(ElementOperator.java:38)]
Opened url http://www.baidu.com
   [INFO ][2018/09/07 16:18:32536][Bingo.tool.Log.info(Log.java:18)]
Start Run 部署落地ERP的登录页面
   [INFO ][2018/09/07 16:18:32760][Bingo.tool.Log.info(Log.java:18)]
使用百度搜索WebDriver，跳转到新页面测试用例通过
   [INFO ][2018/09/07 16:18:32763][Bingo.Arrows.DriverOperate.quit(DriverOperate.java:37)]
Quit BrowserDriver:8a26c61bb39952c43351e651335bb770
   [INFO ][2018/09/07 16:18:34276][Bingo.Arrows.ElementOperator.Open(ElementOperator.java:38)]
Opened url http://boxdeploy.bingobox.cc/login
   [INFO ][2018/09/07 16:18:35274][Bingo.Arrows.BrowerDriver.setBrowserCore(BrowerDriver.java:36)]
Start Browser :FireFox Browser Session:52041736-c0f7-4a47-9e11-87aa370e9e78
   [INFO ][2018/09/07 16:18:35381][Bingo.tool.Log.info(Log.java:18)]
Start Run 部署落地ERP的登录页面
   [INFO ][2018/09/07 16:18:35727][Bingo.Arrows.ElementOperator.Open(ElementOperator.java:38)]
Opened url http://www.baidu.com
   [INFO ][2018/09/07 16:18:36570][Bingo.Arrows.ElementOperator.Open(ElementOperator.java:38)]
Opened url http://boxdeploy.bingobox.cc/login
   [INFO ][2018/09/07 16:18:36575][Bingo.tool.Log.startLog(Log.java:10)]
Bingo.Test.NewTest11Test is Start...
   [INFO ][2018/09/07 16:18:36826][Bingo.tool.Log.info(Log.java:18)]
使用百度搜索WebDriver，跳转到新页面测试用例通过
   [INFO ][2018/09/07 16:18:36829][Bingo.Arrows.DriverOperate.quit(DriverOperate.java:37)]
Quit BrowserDriver:9eb9021a02ea958bee0567559cbec837
   [INFO ][2018/09/07 16:18:37457][Bingo.Arrows.ElementOperator.Open(ElementOperator.java:38)]
Opened url http://www.baidu.com
   [INFO ][2018/09/07 16:18:38501][Bingo.tool.Log.info(Log.java:18)]
使用百度搜索WebDriver，跳转到新页面测试用例通过
   [INFO ][2018/09/07 16:18:38504][Bingo.Arrows.DriverOperate.quit(DriverOperate.java:37)]
Quit BrowserDriver:52041736-c0f7-4a47-9e11-87aa370e9e78
   [INFO ][2018/09/07 16:18:39288][Bingo.Arrows.BrowerDriver.setBrowserCore(BrowerDriver.java:36)]
Start Browser :FireFox Browser Session:71a8d06f-c111-4b31-bf5f-97a7c54b84ea
   [INFO ][2018/09/07 16:18:39384][Bingo.tool.Log.info(Log.java:18)]
Start Run 部署落地ERP的登录页面
   [INFO ][2018/09/07 16:18:40183][Bingo.Arrows.ElementOperator.Open(ElementOperator.java:38)]
Opened url http://boxdeploy.bingobox.cc/login
   [INFO ][2018/09/07 16:18:40188][Bingo.tool.Log.info(Log.java:18)]
Start Run 用百度搜索的演示
   [INFO ][2018/09/07 16:18:40986][Bingo.Arrows.ElementOperator.Open(ElementOperator.java:38)]
Opened url http://www.baidu.com
   [INFO ][2018/09/07 16:18:41825][Bingo.tool.Log.info(Log.java:18)]
使用百度搜索WebDriver，跳转到新页面测试用例通过
   [INFO ][2018/09/07 16:18:41828][Bingo.Arrows.DriverOperate.quit(DriverOperate.java:37)]
Quit BrowserDriver:71a8d06f-c111-4b31-bf5f-97a7c54b84ea
   [INFO ][2018/09/07 16:18:43204][Bingo.Arrows.BrowerDriver.setBrowserCore(BrowerDriver.java:36)]
Start Browser :FireFox Browser Session:fa922bc9-157c-40a5-bee2-25269f710a24
   [INFO ][2018/09/07 16:18:43279][Bingo.tool.Log.info(Log.java:18)]
Start Run 部署落地ERP的登录页面
   [INFO ][2018/09/07 16:18:4459 ][Bingo.Arrows.ElementOperator.Open(ElementOperator.java:38)]
Opened url http://boxdeploy.bingobox.cc/login
   [INFO ][2018/09/07 16:18:4462 ][Bingo.tool.Log.info(Log.java:18)]
Start Run 用百度搜索的演示
   [INFO ][2018/09/07 16:18:44866][Bingo.Arrows.ElementOperator.Open(ElementOperator.java:38)]
Opened url http://www.baidu.com
   [INFO ][2018/09/07 16:18:4693 ][Bingo.tool.Log.info(Log.java:18)]
使用百度搜索WebDriver，跳转到新页面测试用例通过
   [INFO ][2018/09/07 16:18:4695 ][Bingo.Arrows.DriverOperate.quit(DriverOperate.java:37)]
Quit BrowserDriver:fa922bc9-157c-40a5-bee2-25269f710a24
   [INFO ][2018/09/07 16:18:46350][Bingo.Arrows.BrowerDriver.setBrowserCore(BrowerDriver.java:32)]
Start Browser :Chrome Browser Session:6d5d6d29792f9270ee9e69ec33ad74c6
   [INFO ][2018/09/07 16:18:47513][Bingo.tool.Log.info(Log.java:18)]
Start Run 部署落地ERP的登录页面
   [INFO ][2018/09/07 16:18:48638][Bingo.Arrows.ElementOperator.Open(ElementOperator.java:38)]
Opened url http://boxdeploy.bingobox.cc/login
   [INFO ][2018/09/07 16:18:48642][Bingo.tool.Log.info(Log.java:18)]
Start Run 用百度搜索的演示
   [INFO ][2018/09/07 16:18:5035 ][Bingo.Arrows.ElementOperator.Open(ElementOperator.java:38)]
Opened url http://www.baidu.com
   [INFO ][2018/09/07 16:18:50234][Bingo.Arrows.BrowerDriver.setBrowserCore(BrowerDriver.java:36)]
Start Browser :FireFox Browser Session:47ec08cc-5d53-43a7-a15e-17deb0ae956a
   [INFO ][2018/09/07 16:18:50338][Bingo.tool.Log.info(Log.java:18)]
Start Run 部署落地ERP的登录页面
   [INFO ][2018/09/07 16:18:5198 ][Bingo.tool.Log.info(Log.java:18)]
使用百度搜索WebDriver，跳转到新页面测试用例通过
   [INFO ][2018/09/07 16:18:51101][Bingo.Arrows.DriverOperate.quit(DriverOperate.java:37)]
Quit BrowserDriver:6d5d6d29792f9270ee9e69ec33ad74c6
   [INFO ][2018/09/07 16:18:51325][Bingo.Arrows.ElementOperator.Open(ElementOperator.java:38)]
Opened url http://boxdeploy.bingobox.cc/login
   [INFO ][2018/09/07 16:18:51329][Bingo.tool.Log.info(Log.java:18)]
Start Run 用百度搜索的演示
   [INFO ][2018/09/07 16:18:52393][Bingo.Arrows.ElementOperator.Open(ElementOperator.java:38)]
Opened url http://www.baidu.com
   [INFO ][2018/09/07 16:18:53494][Bingo.tool.Log.info(Log.java:18)]
使用百度搜索WebDriver，跳转到新页面测试用例通过
   [INFO ][2018/09/07 16:18:53496][Bingo.Arrows.DriverOperate.quit(DriverOperate.java:37)]
Quit BrowserDriver:47ec08cc-5d53-43a7-a15e-17deb0ae956a
   [INFO ][2018/09/07 16:18:53600][Bingo.Arrows.BrowerDriver.setBrowserCore(BrowerDriver.java:32)]
Start Browser :Chrome Browser Session:34c927461934e35059f8a386f17d3caa
   [INFO ][2018/09/07 16:18:54782][Bingo.tool.Log.info(Log.java:18)]
Start Run 部署落地ERP的登录页面
   [INFO ][2018/09/07 16:18:55975][Bingo.Arrows.ElementOperator.Open(ElementOperator.java:38)]
Opened url http://boxdeploy.bingobox.cc/login
   [INFO ][2018/09/07 16:18:55978][Bingo.tool.Log.info(Log.java:18)]
Start Run 用百度搜索的演示
   [INFO ][2018/09/07 16:18:56801][Bingo.Arrows.BrowerDriver.setBrowserCore(BrowerDriver.java:32)]
Start Browser :Chrome Browser Session:fbacfa45717f2bf5810d5fdf995e8f8a
   [INFO ][2018/09/07 16:18:57257][Bingo.Arrows.ElementOperator.Open(ElementOperator.java:38)]
Opened url http://www.baidu.com
   [INFO ][2018/09/07 16:18:57974][Bingo.tool.Log.info(Log.java:18)]
Start Run 部署落地ERP的登录页面
   [INFO ][2018/09/07 16:18:58462][Bingo.tool.Log.info(Log.java:18)]
使用百度搜索WebDriver，跳转到新页面测试用例通过
   [INFO ][2018/09/07 16:18:58466][Bingo.Arrows.DriverOperate.quit(DriverOperate.java:37)]
Quit BrowserDriver:34c927461934e35059f8a386f17d3caa
   [INFO ][2018/09/07 16:18:59294][Bingo.Arrows.ElementOperator.Open(ElementOperator.java:38)]
Opened url http://boxdeploy.bingobox.cc/login
   [INFO ][2018/09/07 16:18:59297][Bingo.tool.Log.info(Log.java:18)]
Start Run 用百度搜索的演示
   [INFO ][2018/09/07 16:19:00731][Bingo.Arrows.BrowerDriver.setBrowserCore(BrowerDriver.java:36)]
Start Browser :FireFox Browser Session:36d49e34-a032-46bb-829c-37c33a7f5170
   [INFO ][2018/09/07 16:19:00832][Bingo.tool.Log.info(Log.java:18)]
Start Run 部署落地ERP的登录页面
   [INFO ][2018/09/07 16:19:00838][Bingo.Arrows.ElementOperator.Open(ElementOperator.java:38)]
Opened url http://www.baidu.com
   [INFO ][2018/09/07 16:19:01773][Bingo.Arrows.ElementOperator.Open(ElementOperator.java:38)]
Opened url http://boxdeploy.bingobox.cc/login
   [INFO ][2018/09/07 16:19:01778][Bingo.tool.Log.info(Log.java:18)]
Start Run 用百度搜索的演示
   [INFO ][2018/09/07 16:19:01907][Bingo.tool.Log.info(Log.java:18)]
使用百度搜索WebDriver，跳转到新页面测试用例通过
   [INFO ][2018/09/07 16:19:01910][Bingo.Arrows.DriverOperate.quit(DriverOperate.java:37)]
Quit BrowserDriver:fbacfa45717f2bf5810d5fdf995e8f8a
   [INFO ][2018/09/07 16:19:02551][Bingo.Arrows.ElementOperator.Open(ElementOperator.java:38)]
Opened url http://www.baidu.com
   [INFO ][2018/09/07 16:19:03590][Bingo.tool.Log.info(Log.java:18)]
使用百度搜索WebDriver，跳转到新页面测试用例通过
   [INFO ][2018/09/07 16:19:03593][Bingo.Arrows.DriverOperate.quit(DriverOperate.java:37)]
Quit BrowserDriver:36d49e34-a032-46bb-829c-37c33a7f5170
   [INFO ][2018/09/07 16:19:04173][Bingo.Arrows.BrowerDriver.setBrowserCore(BrowerDriver.java:32)]
Start Browser :Chrome Browser Session:475ca3cc339fc52f70e6507c760b97e4
   [INFO ][2018/09/07 16:19:05332][Bingo.tool.Log.info(Log.java:18)]
Start Run 部署落地ERP的登录页面
   [INFO ][2018/09/07 16:19:06552][Bingo.Arrows.ElementOperator.Open(ElementOperator.java:38)]
Opened url http://boxdeploy.bingobox.cc/login
   [INFO ][2018/09/07 16:19:06557][Bingo.tool.Log.info(Log.java:18)]
Start Run 用百度搜索的演示
   [INFO ][2018/09/07 16:19:0850 ][Bingo.Arrows.BrowerDriver.setBrowserCore(BrowerDriver.java:36)]
Start Browser :FireFox Browser Session:cc8ef9d6-37be-415f-b11e-4986483fd525
   [INFO ][2018/09/07 16:19:08154][Bingo.tool.Log.info(Log.java:18)]
Start Run 部署落地ERP的登录页面
   [INFO ][2018/09/07 16:19:08317][Bingo.Arrows.ElementOperator.Open(ElementOperator.java:38)]
Opened url http://www.baidu.com
   [INFO ][2018/09/07 16:19:0957 ][Bingo.Arrows.ElementOperator.Open(ElementOperator.java:38)]
Opened url http://boxdeploy.bingobox.cc/login
   [INFO ][2018/09/07 16:19:0961 ][Bingo.tool.Log.info(Log.java:18)]
Start Run 用百度搜索的演示
   [INFO ][2018/09/07 16:19:09392][Bingo.tool.Log.info(Log.java:18)]
使用百度搜索WebDriver，跳转到新页面测试用例通过
   [INFO ][2018/09/07 16:19:09394][Bingo.Arrows.DriverOperate.quit(DriverOperate.java:37)]
Quit BrowserDriver:475ca3cc339fc52f70e6507c760b97e4
   [INFO ][2018/09/07 16:19:09847][Bingo.Arrows.ElementOperator.Open(ElementOperator.java:38)]
Opened url http://www.baidu.com
   [INFO ][2018/09/07 16:19:10745][Bingo.tool.Log.info(Log.java:18)]
使用百度搜索WebDriver，跳转到新页面测试用例通过
   [INFO ][2018/09/07 16:19:10750][Bingo.Arrows.DriverOperate.quit(DriverOperate.java:37)]
Quit BrowserDriver:cc8ef9d6-37be-415f-b11e-4986483fd525
   [INFO ][2018/09/07 16:19:11686][Bingo.Arrows.BrowerDriver.setBrowserCore(BrowerDriver.java:32)]
Start Browser :Chrome Browser Session:9c086420413359b92c7c8bd8adda4457
   [INFO ][2018/09/07 16:19:12848][Bingo.tool.Log.info(Log.java:18)]
Start Run 部署落地ERP的登录页面
   [INFO ][2018/09/07 16:19:1410 ][Bingo.Arrows.ElementOperator.Open(ElementOperator.java:38)]
Opened url http://boxdeploy.bingobox.cc/login
   [INFO ][2018/09/07 16:19:1414 ][Bingo.tool.Log.info(Log.java:18)]
Start Run 用百度搜索的演示
   [INFO ][2018/09/07 16:19:15547][Bingo.Arrows.ElementOperator.Open(ElementOperator.java:38)]
Opened url http://www.baidu.com
   [INFO ][2018/09/07 16:19:15567][Bingo.Arrows.BrowerDriver.setBrowserCore(BrowerDriver.java:36)]
Start Browser :FireFox Browser Session:6e973120-b520-4f50-b874-274828ad84fd
   [INFO ][2018/09/07 16:19:15633][Bingo.tool.Log.info(Log.java:18)]
Start Run 部署落地ERP的登录页面
   [INFO ][2018/09/07 16:19:16603][Bingo.tool.Log.info(Log.java:18)]
使用百度搜索WebDriver，跳转到新页面测试用例通过
   [INFO ][2018/09/07 16:19:16607][Bingo.Arrows.DriverOperate.quit(DriverOperate.java:37)]
Quit BrowserDriver:9c086420413359b92c7c8bd8adda4457
   [INFO ][2018/09/07 16:19:16628][Bingo.Arrows.ElementOperator.Open(ElementOperator.java:38)]
Opened url http://boxdeploy.bingobox.cc/login
   [INFO ][2018/09/07 16:19:16632][Bingo.tool.Log.info(Log.java:18)]
Start Run 用百度搜索的演示
   [INFO ][2018/09/07 16:19:17516][Bingo.Arrows.ElementOperator.Open(ElementOperator.java:38)]
Opened url http://www.baidu.com
   [INFO ][2018/09/07 16:19:18324][Bingo.tool.Log.info(Log.java:18)]
使用百度搜索WebDriver，跳转到新页面测试用例通过
   [INFO ][2018/09/07 16:19:18327][Bingo.Arrows.DriverOperate.quit(DriverOperate.java:37)]
Quit BrowserDriver:6e973120-b520-4f50-b874-274828ad84fd
   [INFO ][2018/09/07 16:19:190  ][Bingo.Arrows.BrowerDriver.setBrowserCore(BrowerDriver.java:32)]
Start Browser :Chrome Browser Session:5bc238b7d5069a55afb430bd5dc7f661
   [INFO ][2018/09/07 16:19:20161][Bingo.tool.Log.info(Log.java:18)]
Start Run 部署落地ERP的登录页面
   [INFO ][2018/09/07 16:19:21464][Bingo.Arrows.ElementOperator.Open(ElementOperator.java:38)]
Opened url http://boxdeploy.bingobox.cc/login
   [INFO ][2018/09/07 16:19:21468][Bingo.tool.Log.info(Log.java:18)]
Start Run 用百度搜索的演示
   [INFO ][2018/09/07 16:19:22881][Bingo.Arrows.BrowerDriver.setBrowserCore(BrowerDriver.java:36)]
Start Browser :FireFox Browser Session:2ff0f372-16e4-4128-b901-a0a15d7f7ba7
   [INFO ][2018/09/07 16:19:22897][Bingo.Arrows.ElementOperator.Open(ElementOperator.java:38)]
Opened url http://www.baidu.com
   [INFO ][2018/09/07 16:19:22974][Bingo.tool.Log.info(Log.java:18)]
Start Run 部署落地ERP的登录页面
   [INFO ][2018/09/07 16:19:23889][Bingo.Arrows.ElementOperator.Open(ElementOperator.java:38)]
Opened url http://boxdeploy.bingobox.cc/login
   [INFO ][2018/09/07 16:19:23892][Bingo.tool.Log.info(Log.java:18)]
Start Run 用百度搜索的演示
   [INFO ][2018/09/07 16:19:23986][Bingo.tool.Log.info(Log.java:18)]
使用百度搜索WebDriver，跳转到新页面测试用例通过
   [INFO ][2018/09/07 16:19:23988][Bingo.Arrows.DriverOperate.quit(DriverOperate.java:37)]
Quit BrowserDriver:5bc238b7d5069a55afb430bd5dc7f661
   [INFO ][2018/09/07 16:19:24936][Bingo.Arrows.ElementOperator.Open(ElementOperator.java:38)]
Opened url http://www.baidu.com
   [INFO ][2018/09/07 16:19:25767][Bingo.tool.Log.info(Log.java:18)]
使用百度搜索WebDriver，跳转到新页面测试用例通过
   [INFO ][2018/09/07 16:19:25770][Bingo.Arrows.DriverOperate.quit(DriverOperate.java:37)]
Quit BrowserDriver:2ff0f372-16e4-4128-b901-a0a15d7f7ba7
   [INFO ][2018/09/07 16:19:26324][Bingo.Arrows.BrowerDriver.setBrowserCore(BrowerDriver.java:32)]
Start Browser :Chrome Browser Session:2f6914990518e95450e49823cf41f371
   [INFO ][2018/09/07 16:19:27514][Bingo.tool.Log.info(Log.java:18)]
Start Run 部署落地ERP的登录页面
   [INFO ][2018/09/07 16:19:28440][Bingo.Arrows.ElementOperator.Open(ElementOperator.java:38)]
Opened url http://boxdeploy.bingobox.cc/login
   [INFO ][2018/09/07 16:19:28442][Bingo.tool.Log.startLog(Log.java:10)]
Bingo.Test.NewTest12Test is Start...
   [INFO ][2018/09/07 16:19:29420][Bingo.Arrows.ElementOperator.Open(ElementOperator.java:38)]
Opened url http://www.baidu.com
   [INFO ][2018/09/07 16:19:30360][Bingo.tool.Log.info(Log.java:18)]
使用百度搜索WebDriver，跳转到新页面测试用例通过
   [INFO ][2018/09/07 16:19:30361][Bingo.Arrows.DriverOperate.quit(DriverOperate.java:37)]
Quit BrowserDriver:2f6914990518e95450e49823cf41f371
   